--------------------------------------------------------------------------------
./nrfjprog -f nrf52 --recover --log
nrfjprog version 9.7.3
--------------------------------------------------------------------------------
nRF_open_dll
. nRF52_open_dll
. . nRF52_dll_version
nRF_enum_emu_snr
. nRF52_enum_emu_snr
. . nRF52_enum_emu_snr
nRF_enum_emu_snr
. nRF52_enum_emu_snr
. . nRF52_enum_emu_snr
nRF_connect_to_emu_with_snr
. nRF52_connect_to_emu_with_snr
. . nRF52_is_connected_to_emu
. . nRF52_enum_emu_snr
. . nRF52_connect_to_emu_with_snr
. . . nRF52_connect_to_emu_without_snr
. . . nRF52_connect_to_emu_without_snr:	JLink:	 Firmware: J-Link OB-SAM3U128-V2-NordicSemi compiled Jul  4 2018 16:22:02
. . . nRF52_connect_to_emu_without_snr:	JLink:	 Hardware: V1.00
. . . nRF52_connect_to_emu_without_snr:	JLink:	 S/N: 682466178
. . . nRF52_connect_to_emu_without_snr:	JLink:	 TELNET listener socket opened on port 19021
. . . nRF52_connect_to_emu_without_snr:	JLink:	WEBSRV  Starting webserver
. . . nRF52_connect_to_emu_without_snr:	JLink:	 (0019ms, 0023ms total)  
. . . nRF52_connect_to_emu_without_snr:	JLink:	T8F59B380 000:005 
. . . nRF52_connect_to_emu_without_snr:	JLink:	WEBSRV Webserver running on local port 19080
. . . nRF52_connect_to_emu_without_snr:	JLink:	 (0019ms, 0023ms total)  
. . . nRF52_connect_to_emu_without_snr:	JLink:	T8F59B380 000:005 
. . . nRF52_connect_to_emu_without_snr:	JLink:	  returns O.K.
. . . nRF52_connect_to_emu_without_snr:	JLink:	 (0020ms, 0024ms total)  
. . . nRF52_connect_to_emu_without_snr:	JLink:	T8F59B380 000:025 
. . . nRF52_connect_to_emu_without_snr:	JLink:	JLINK_GetHWStatus(...)
. . . nRF52_connect_to_emu_without_snr:	JLink:	  returns 0x00
. . . nRF52_connect_to_emu_without_snr:	JLink:	 (0002ms, 0026ms total)  
. . . nRF52_connect_to_emu_without_snr:	There is no generic nRF52 device in J-Link, so we select NRF52832_xxAA.

. . . nRF52_connect_to_emu_without_snr:	JLink:	T8F59B380 000:028 
. . . nRF52_connect_to_emu_without_snr:	JLink:	JLINK_ExecCommand("Device = NRF52832_xxAA", ...). 
. . . nRF52_connect_to_emu_without_snr:	JLink:	XML file found at: /Applications/SEGGER/JLink/JLinkDevices.xml
. . . nRF52_connect_to_emu_without_snr:	JLink:	 (0001ms, 0028ms total)  
. . . nRF52_connect_to_emu_without_snr:	JLink:	T8F59B380 000:028 
. . . nRF52_connect_to_emu_without_snr:	JLink:	/Applications/SEGGER/JLink/JLinkDevices.xml evaluated successfully.
. . . nRF52_connect_to_emu_without_snr:	JLink:	Device "NRF52832_XXAA" selected.
. . . nRF52_connect_to_emu_without_snr:	JLink:	Device "NRF52832_XXAA" selected.
. . . nRF52_connect_to_emu_without_snr:	JLink:	  returns 0x00
. . . nRF52_connect_to_emu_without_snr:	JLink:	 (0021ms, 0048ms total)  
. . . nRF52_connect_to_emu_without_snr:	JLink:	T8F59B380 000:049 
. . . nRF52_connect_to_emu_without_snr:	JLink:	JLINK_ExecCommand("SetRestartOnClose = 0", ...). 
. . . nRF52_connect_to_emu_without_snr:	JLink:	  returns 0x01
. . . nRF52_connect_to_emu_without_snr:	JLink:	 (0001ms, 0049ms total)  
. . . nRF52_connect_to_emu_without_snr:	JLink:	T8F59B380 000:050 
. . . nRF52_connect_to_emu_without_snr:	JLink:	JLINK_ExecCommand("DisableFlashDL", ...). 
. . . nRF52_connect_to_emu_without_snr:	JLink:	  returns 0x00
. . . nRF52_connect_to_emu_without_snr:	JLink:	 (0000ms, 0049ms total)  
. . . nRF52_connect_to_emu_without_snr:	JLink:	T8F59B380 000:050 
. . . nRF52_connect_to_emu_without_snr:	JLink:	JLINK_ExecCommand("SetDbgPowerDownOnClose = 1", ...). 
. . . nRF52_connect_to_emu_without_snr:	JLink:	  returns 0x01
. . . nRF52_connect_to_emu_without_snr:	JLink:	 (0000ms, 0049ms total)  
. . . nRF52_connect_to_emu_without_snr:	JLink:	T8F59B380 000:050 
. . . nRF52_connect_to_emu_without_snr:	JLink:	JLINK_ExecCommand("ExcludeFlashCacheRange 0x0-0xFFFFFFFF", ...). 
. . . nRF52_connect_to_emu_without_snr:	JLink:	  returns 0x00
. . . nRF52_connect_to_emu_without_snr:	JLink:	 (0000ms, 0049ms total)  
. . . nRF52_connect_to_emu_without_snr:	JLink:	T8F59B380 000:050 
. . . nRF52_connect_to_emu_without_snr:	JLink:	JLINK_TIF_Select(JLINKARM_TIF_SWD)
. . . nRF52_connect_to_emu_without_snr:	JLink:	  returns 0x00
. . . nRF52_connect_to_emu_without_snr:	JLink:	 (0002ms, 0051ms total)  
. . . nRF52_connect_to_emu_without_snr:	JLink:	T8F59B380 000:052 
. . . nRF52_connect_to_emu_without_snr:	JLink:	JLINK_SetSpeed(2000)
. . . nRF52_connect_to_emu_without_snr:	JLink:	 (0001ms, 0052ms total)  
nRF_recover
. nRF52_recover
. . nRF52_is_connected_to_emu
. . nRF52_is_connected_to_emu:	JLink:	T8F59B380 000:053 
. . nRF52_is_connected_to_emu:	JLink:	JLINK_IsOpen()
. . nRF52_is_connected_to_emu:	JLink:	  returns 0x01
. . nRF52_is_connected_to_emu:	JLink:	 (0000ms, 0052ms total)  
. . nRF52_is_connected_to_device
. . nRF52_is_connected_to_device:	JLink:	T8F59B380 000:053 
. . nRF52_is_connected_to_device:	JLink:	JLINK_IsConnected()
. . nRF52_is_connected_to_device:	JLink:	  returns FALSE
. . nRF52_is_connected_to_device:	JLink:	 (0000ms, 0052ms total)  
. . nRF52_readback_status
. . . nRF52_is_ctrl_ap_available
. . . . nRF52_read_access_port_register
. . . . . nRF52_coresight_configure
. . . . . nRF52_coresight_configure:	JLink:	T8F59B380 000:054 
. . . . . nRF52_coresight_configure:	JLink:	JLINK_CORESIGHT_Configure()
. . . . . nRF52_coresight_configure:	JLink:	  returns 0
. . . . . nRF52_coresight_configure:	JLink:	 (0001ms, 0053ms total)  
. . . . . nRF52_power_debug_and_system_regions
. . . . . . nRF52_write_debug_port_register
. . . . . . nRF52_write_debug_port_register:	JLink:	T8F59B380 000:055 
. . . . . . nRF52_write_debug_port_register:	JLink:	JLINK_CORESIGHT_WriteAPDPReg(DP reg 0x02, 0x00000000)
. . . . . . nRF52_write_debug_port_register:	JLink:	  returns 0
. . . . . . nRF52_write_debug_port_register:	JLink:	 (0001ms, 0054ms total)  
. . . . . . nRF52_write_debug_port_register:	JLink:	T8F59B380 000:056 
. . . . . . nRF52_write_debug_port_register:	JLink:	JLINK_CORESIGHT_WriteAPDPReg(DP reg 0x01, 0x50000000)
. . . . . . nRF52_write_debug_port_register:	JLink:	  returns 0
. . . . . . nRF52_write_debug_port_register:	JLink:	 (0000ms, 0054ms total)  
. . . . nRF52_read_access_port_register:	JLink:	T8F59B380 000:056 
. . . . nRF52_read_access_port_register:	JLink:	JLINK_CORESIGHT_WriteAPDPReg(DP reg 0x02, 0x010000F0)
. . . . nRF52_read_access_port_register:	JLink:	  returns 0
. . . . nRF52_read_access_port_register:	JLink:	 (0001ms, 0055ms total)  
. . . . nRF52_read_access_port_register:	JLink:	T8F59B380 000:057 
. . . . nRF52_read_access_port_register:	JLink:	JLINK_CORESIGHT_ReadAPDPReg(AP reg 0x03)
. . . . nRF52_read_access_port_register:	JLink:	 -- Value=0x02880000
. . . . nRF52_read_access_port_register:	JLink:	  returns 0
. . . . nRF52_read_access_port_register:	JLink:	 (0000ms, 0055ms total)  
. . . . nRF52_read_access_port_register
. . . . nRF52_read_access_port_register:	JLink:	T8F59B380 000:057 
. . . . nRF52_read_access_port_register:	JLink:	JLINK_CORESIGHT_WriteAPDPReg(DP reg 0x02, 0x010000F0)
. . . . nRF52_read_access_port_register:	JLink:	  returns 0
. . . . nRF52_read_access_port_register:	JLink:	 (0001ms, 0056ms total)  
. . . . nRF52_read_access_port_register:	JLink:	T8F59B380 000:058 
. . . . nRF52_read_access_port_register:	JLink:	JLINK_CORESIGHT_ReadAPDPReg(AP reg 0x03)
. . . . nRF52_read_access_port_register:	JLink:	 -- Value=0x02880000
. . . . nRF52_read_access_port_register:	JLink:	  returns 0
. . . . nRF52_read_access_port_register:	JLink:	 (0001ms, 0057ms total)  
. . . . nRF52_read_access_port_register
. . . . nRF52_read_access_port_register:	JLink:	T8F59B380 000:059 
. . . . nRF52_read_access_port_register:	JLink:	JLINK_CORESIGHT_WriteAPDPReg(DP reg 0x02, 0x010000F0)
. . . . nRF52_read_access_port_register:	JLink:	  returns 0
. . . . nRF52_read_access_port_register:	JLink:	 (0000ms, 0057ms total)  
. . . . nRF52_read_access_port_register:	JLink:	T8F59B380 000:059 
. . . . nRF52_read_access_port_register:	JLink:	JLINK_CORESIGHT_ReadAPDPReg(AP reg 0x03)
. . . . nRF52_read_access_port_register:	JLink:	 -- Value=0x02880000
. . . . nRF52_read_access_port_register:	JLink:	  returns 0
. . . . nRF52_read_access_port_register:	JLink:	 (0001ms, 0058ms total)  
. . . . nRF52_read_access_port_register
. . . . nRF52_read_access_port_register:	JLink:	T8F59B380 000:060 
. . . . nRF52_read_access_port_register:	JLink:	JLINK_CORESIGHT_WriteAPDPReg(DP reg 0x02, 0x010000F0)
. . . . nRF52_read_access_port_register:	JLink:	  returns 0
. . . . nRF52_read_access_port_register:	JLink:	 (0000ms, 0058ms total)  
. . . . nRF52_read_access_port_register:	JLink:	T8F59B380 000:061 
. . . . nRF52_read_access_port_register:	JLink:	JLINK_CORESIGHT_ReadAPDPReg(AP reg 0x03)
. . . . nRF52_read_access_port_register:	JLink:	 -- Value=0x02880000
. . . . nRF52_read_access_port_register:	JLink:	  returns 0
. . . . nRF52_read_access_port_register:	JLink:	 (0000ms, 0059ms total)  
. . . nRF52_read_access_port_register
. . . nRF52_read_access_port_register:	JLink:	T8F59B380 000:061 
. . . nRF52_read_access_port_register:	JLink:	JLINK_CORESIGHT_WriteAPDPReg(DP reg 0x02, 0x01000000)
. . . nRF52_read_access_port_register:	JLink:	  returns 0
. . . nRF52_read_access_port_register:	JLink:	 (0001ms, 0060ms total)  
. . . nRF52_read_access_port_register:	JLink:	T8F59B380 000:062 
. . . nRF52_read_access_port_register:	JLink:	JLINK_CORESIGHT_ReadAPDPReg(AP reg 0x03)
. . . nRF52_read_access_port_register:	JLink:	 -- Value=0x00000001
. . . nRF52_read_access_port_register:	JLink:	  returns 0
. . . nRF52_read_access_port_register:	JLink:	 (0000ms, 0060ms total)  
. . . nRF52_read_access_port_register
. . . nRF52_read_access_port_register:	JLink:	T8F59B380 000:063 
. . . nRF52_read_access_port_register:	JLink:	JLINK_CORESIGHT_WriteAPDPReg(DP reg 0x02, 0x01000000)
. . . nRF52_read_access_port_register:	JLink:	  returns 0
. . . nRF52_read_access_port_register:	JLink:	 (0000ms, 0061ms total)  
. . . nRF52_read_access_port_register:	JLink:	T8F59B380 000:063 
. . . nRF52_read_access_port_register:	JLink:	JLINK_CORESIGHT_ReadAPDPReg(AP reg 0x03)
. . . nRF52_read_access_port_register:	JLink:	 -- Value=0x00000001
. . . nRF52_read_access_port_register:	JLink:	  returns 0
. . . nRF52_read_access_port_register:	JLink:	 (0001ms, 0062ms total)  
. . . nRF52_read_access_port_register
. . . nRF52_read_access_port_register:	JLink:	T8F59B380 000:064 
. . . nRF52_read_access_port_register:	JLink:	JLINK_CORESIGHT_WriteAPDPReg(DP reg 0x02, 0x01000000)
. . . nRF52_read_access_port_register:	JLink:	  returns 0
. . . nRF52_read_access_port_register:	JLink:	 (0000ms, 0062ms total)  
. . . nRF52_read_access_port_register:	JLink:	T8F59B380 000:064 
. . . nRF52_read_access_port_register:	JLink:	JLINK_CORESIGHT_ReadAPDPReg(AP reg 0x03)
. . . nRF52_read_access_port_register:	JLink:	 -- Value=0x00000001
. . . nRF52_read_access_port_register:	JLink:	  returns 0
. . . nRF52_read_access_port_register:	JLink:	 (0001ms, 0063ms total)  
. . . nRF52_read_access_port_register
. . . nRF52_read_access_port_register:	JLink:	T8F59B380 000:065 
. . . nRF52_read_access_port_register:	JLink:	JLINK_CORESIGHT_WriteAPDPReg(DP reg 0x02, 0x01000000)
. . . nRF52_read_access_port_register:	JLink:	  returns 0
. . . nRF52_read_access_port_register:	JLink:	 (0000ms, 0063ms total)  
. . . nRF52_read_access_port_register:	JLink:	T8F59B380 000:065 
. . . nRF52_read_access_port_register:	JLink:	JLINK_CORESIGHT_ReadAPDPReg(AP reg 0x03)
. . . nRF52_read_access_port_register:	JLink:	 -- Value=0x00000001
. . . nRF52_read_access_port_register:	JLink:	  returns 0
. . . nRF52_read_access_port_register:	JLink:	 (0001ms, 0064ms total)  
. . nRF52_connect_to_device
. . nRF52_connect_to_device:	JLink:	T8F59B380 000:066 
. . nRF52_connect_to_device:	JLink:	JLINK_Connect()
. . nRF52_connect_to_device:	JLink:	 >0x10B TIF>
. . nRF52_connect_to_device:	JLink:	Found SW-DP with ID 0x2BA01477
. . nRF52_connect_to_device:	JLink:	Found SW-DP with ID 0x2BA01477
. . nRF52_connect_to_device:	JLink:	 >0x0D TIF>
. . nRF52_connect_to_device:	JLink:	 >0x28 TIF>
. . nRF52_connect_to_device:	JLink:	 >0x0D TIF>
. . nRF52_connect_to_device:	JLink:	 >0x28 TIF>
. . nRF52_connect_to_device:	JLink:	 >0x10B TIF>
. . nRF52_connect_to_device:	JLink:	Found SW-DP with ID 0x2BA01477
. . nRF52_connect_to_device:	JLink:	Found SW-DP with ID 0x2BA01477
. . nRF52_connect_to_device:	JLink:	 >0x0D TIF>
. . nRF52_connect_to_device:	JLink:	 >0x28 TIF>
. . nRF52_connect_to_device:	JLink:	 >0x0D TIF>
. . nRF52_connect_to_device:	JLink:	 >0x28 TIF>
. . nRF52_connect_to_device:	JLink:	 >0x0D TIF>
. . nRF52_connect_to_device:	JLink:	 >0x28 TIF>
. . nRF52_connect_to_device:	JLink:	 >0x0D TIF>
. . nRF52_connect_to_device:	JLink:	 >0x28 TIF>
. . nRF52_connect_to_device:	JLink:	 >0x35 TIF>
. . nRF52_connect_to_device:	JLink:	 >0x0D TIF>
. . nRF52_connect_to_device:	JLink:	 >0x28 TIF>
. . nRF52_connect_to_device:	JLink:	Scanning AP map to find all available APs
. . nRF52_connect_to_device:	JLink:	Scanning AP map to find all available APs
. . nRF52_connect_to_device:	JLink:	 >0x0D TIF>
. . nRF52_connect_to_device:	JLink:	 >0x28 TIF>
. . nRF52_connect_to_device:	JLink:	 >0x35 TIF>
. . nRF52_connect_to_device:	JLink:	 >0x35 TIF>
. . nRF52_connect_to_device:	JLink:	 >0x0D TIF>
. . nRF52_connect_to_device:	JLink:	 >0x28 TIF>
. . nRF52_connect_to_device:	JLink:	 >0x35 TIF>
. . nRF52_connect_to_device:	JLink:	 >0x35 TIF>
. . nRF52_connect_to_device:	JLink:	 >0x0D TIF>
. . nRF52_connect_to_device:	JLink:	 >0x28 TIF>
. . nRF52_connect_to_device:	JLink:	 >0x35 TIF>
. . nRF52_connect_to_device:	JLink:	 >0x35 TIF>
. . nRF52_connect_to_device:	JLink:	AP[2]: Stopped AP scan as end of AP map has been reached
. . nRF52_connect_to_device:	JLink:	AP[2]: Stopped AP scan as end of AP map has been reached
. . nRF52_connect_to_device:	JLink:	AP[0]: AHB-AP (IDR: 0x24770011)
. . nRF52_connect_to_device:	JLink:	AP[0]: AHB-AP (IDR: 0x24770011)
. . nRF52_connect_to_device:	JLink:	AP[1]: JTAG-AP (IDR: 0x02880000)
. . nRF52_connect_to_device:	JLink:	AP[1]: JTAG-AP (IDR: 0x02880000)
. . nRF52_connect_to_device:	JLink:	Iterating through AP map to find AHB-AP to use
. . nRF52_connect_to_device:	JLink:	Iterating through AP map to find AHB-AP to use
. . nRF52_connect_to_device:	JLink:	 >0x42 TIF>
. . nRF52_connect_to_device:	JLink:	 >0x28 TIF>
. . nRF52_connect_to_device:	JLink:	 >0x0D TIF>
. . nRF52_connect_to_device:	JLink:	 >0x28 TIF>
. . nRF52_connect_to_device:	JLink:	 >0x35 TIF>
. . nRF52_connect_to_device:	JLink:	 >0x35 TIF>
. . nRF52_connect_to_device:	JLink:	 >0x42 TIF>
. . nRF52_connect_to_device:	JLink:	 >0x28 TIF>
. . nRF52_connect_to_device:	JLink:	 >0x0D TIF>
. . nRF52_connect_to_device:	JLink:	 >0x28 TIF>
. . nRF52_connect_to_device:	JLink:	 >0x0D TIF>
. . nRF52_connect_to_device:	JLink:	 >0x28 TIF>
. . nRF52_connect_to_device:	JLink:	 >0x35 TIF>
. . nRF52_connect_to_device:	JLink:	 >0x35 TIF>
. . nRF52_connect_to_device:	JLink:	AP[0]: Core found
. . nRF52_connect_to_device:	JLink:	AP[0]: Core found
. . nRF52_connect_to_device:	JLink:	AP[0]: AHB-AP ROM base: 0xE00FF000
. . nRF52_connect_to_device:	JLink:	AP[0]: AHB-AP ROM base: 0xE00FF000
. . nRF52_connect_to_device:	JLink:	 >0x0D TIF>
. . nRF52_connect_to_device:	JLink:	 >0x28 TIF>
. . nRF52_connect_to_device:	JLink:	 >0x0D TIF>
. . nRF52_connect_to_device:	JLink:	 >0x28 TIF>
. . nRF52_connect_to_device:	JLink:	 >0x0D TIF>
. . nRF52_connect_to_device:	JLink:	 >0x28 TIF>
. . nRF52_connect_to_device:	JLink:	 >0x35 TIF>
. . nRF52_connect_to_device:	JLink:	 >0x35 TIF>
. . nRF52_connect_to_device:	JLink:	CPUID register: 0x410FC241. Implementer code: 0x41 (ARM)
. . nRF52_connect_to_device:	JLink:	CPUID register: 0x410FC241. Implementer code: 0x41 (ARM)
. . nRF52_connect_to_device:	JLink:	Found Cortex-M4 r0p1, Little endian.
. . nRF52_connect_to_device:	JLink:	Found Cortex-M4 r0p1, Little endian.
. . nRF52_connect_to_device:	JLink:	 -- CPU_ReadMem(4 bytes @ 0xE000EDF0)
. . nRF52_connect_to_device:	JLink:	 -- CPU_WriteMem(4 bytes @ 0xE000EDF0)
. . nRF52_connect_to_device:	JLink:	 -- CPU_ReadMem(4 bytes @ 0xE0002000)
. . nRF52_connect_to_device:	JLink:	FPUnit: 6 code (BP) slots and 2 literal slots
. . nRF52_connect_to_device:	JLink:	FPUnit: 6 code (BP) slots and 2 literal slots
. . nRF52_connect_to_device:	JLink:	 -- CPU_ReadMem(4 bytes @ 0xE000EDFC)
. . nRF52_connect_to_device:	JLink:	 -- CPU_WriteMem(4 bytes @ 0xE000EDFC)
. . nRF52_connect_to_device:	JLink:	 -- CPU_ReadMem(4 bytes @ 0xE0001000)
. . nRF52_connect_to_device:	JLink:	 -- CPU_WriteMem(4 bytes @ 0xE0001000)
. . nRF52_connect_to_device:	JLink:	 -- CPU_ReadMem(4 bytes @ 0xE000ED88)
. . nRF52_connect_to_device:	JLink:	 -- CPU_WriteMem(4 bytes @ 0xE000ED88)
. . nRF52_connect_to_device:	JLink:	 -- CPU_ReadMem(4 bytes @ 0xE000ED88)
. . nRF52_connect_to_device:	JLink:	 -- CPU_WriteMem(4 bytes @ 0xE000ED88)
. . nRF52_connect_to_device:	JLink:	CoreSight components:
. . nRF52_connect_to_device:	JLink:	CoreSight components:
. . nRF52_connect_to_device:	JLink:	ROMTbl[0] @ E00FF000
. . nRF52_connect_to_device:	JLink:	ROMTbl[0] @ E00FF000
. . nRF52_connect_to_device:	JLink:	 -- CPU_ReadMem(16 bytes @ 0xE00FF000)
. . nRF52_connect_to_device:	JLink:	 -- CPU_ReadMem(16 bytes @ 0xE000EFF0)
. . nRF52_connect_to_device:	JLink:	 -- CPU_ReadMem(16 bytes @ 0xE000EFE0)
. . nRF52_connect_to_device:	JLink:	ROMTbl[0][0]: E000E000, CID: B105E00D, PID: 000BB00C SCS-M7
. . nRF52_connect_to_device:	JLink:	ROMTbl[0][0]: E000E000, CID: B105E00D, PID: 000BB00C SCS-M7
. . nRF52_connect_to_device:	JLink:	 -- CPU_ReadMem(16 bytes @ 0xE0001FF0)
. . nRF52_connect_to_device:	JLink:	 -- CPU_ReadMem(16 bytes @ 0xE0001FE0)
. . nRF52_connect_to_device:	JLink:	ROMTbl[0][1]: E0001000, CID: B105E00D, PID: 003BB002 DWT
. . nRF52_connect_to_device:	JLink:	ROMTbl[0][1]: E0001000, CID: B105E00D, PID: 003BB002 DWT
. . nRF52_connect_to_device:	JLink:	 -- CPU_ReadMem(16 bytes @ 0xE0002FF0)
. . nRF52_connect_to_device:	JLink:	 -- CPU_ReadMem(16 bytes @ 0xE0002FE0)
. . nRF52_connect_to_device:	JLink:	ROMTbl[0][2]: E0002000, CID: B105E00D, PID: 002BB003 FPB
. . nRF52_connect_to_device:	JLink:	ROMTbl[0][2]: E0002000, CID: B105E00D, PID: 002BB003 FPB
. . nRF52_connect_to_device:	JLink:	 -- CPU_ReadMem(16 bytes @ 0xE0000FF0)
. . nRF52_connect_to_device:	JLink:	 -- CPU_ReadMem(16 bytes @ 0xE0000FE0)
. . nRF52_connect_to_device:	JLink:	ROMTbl[0][3]: E0000000, CID: B105E00D, PID: 003BB001 ITM
. . nRF52_connect_to_device:	JLink:	ROMTbl[0][3]: E0000000, CID: B105E00D, PID: 003BB001 ITM
. . nRF52_connect_to_device:	JLink:	 -- CPU_ReadMem(16 bytes @ 0xE00FF010)
. . nRF52_connect_to_device:	JLink:	 -- CPU_ReadMem(16 bytes @ 0xE0040FF0)
. . nRF52_connect_to_device:	JLink:	 -- CPU_ReadMem(16 bytes @ 0xE0040FE0)
. . nRF52_connect_to_device:	JLink:	ROMTbl[0][4]: E0040000, CID: B105900D, PID: 000BB9A1 TPIU
. . nRF52_connect_to_device:	JLink:	ROMTbl[0][4]: E0040000, CID: B105900D, PID: 000BB9A1 TPIU
. . nRF52_connect_to_device:	JLink:	 -- CPU_ReadMem(16 bytes @ 0xE0041FF0)
. . nRF52_connect_to_device:	JLink:	 -- CPU_ReadMem(16 bytes @ 0xE0041FE0)
. . nRF52_connect_to_device:	JLink:	ROMTbl[0][5]: E0041000, CID: B105900D, PID: 000BB925 ETM
. . nRF52_connect_to_device:	JLink:	ROMTbl[0][5]: E0041000, CID: B105900D, PID: 000BB925 ETM
. . nRF52_connect_to_device:	JLink:	  returns 0x00
. . nRF52_connect_to_device:	JLink:	 (0153ms, 0217ms total)  
. . . nRF52_read_device_version
. . . . nRF52_read_u32
. . . . nRF52_read_u32:	JLink:	T8F59B380 000:220 
. . . . nRF52_read_u32:	JLink:	JLINK_ExecCommand("InvalidateCache", ...). 
. . . . nRF52_read_u32:	JLink:	  returns 0x00
. . . . nRF52_read_u32:	JLink:	 (0001ms, 0218ms total)  
. . . . nRF52_read_u32:	JLink:	T8F59B380 000:221 
. . . . nRF52_read_u32:	JLink:	JLINK_ReadMemU32(0x10000130, 0x0001 Items, ...)
. . . . nRF52_read_u32:	JLink:	 -- CPU_ReadMem(4 bytes @ 0x10000130)
. . . . nRF52_read_u32:	JLink:	 - Data: 06 00 00 00
. . . . nRF52_read_u32:	JLink:	  returns 0x01
. . . . nRF52_read_u32:	JLink:	 (0002ms, 0220ms total)  
. . . . nRF52_read_u32
. . . . nRF52_read_u32:	JLink:	T8F59B380 000:223 
. . . . nRF52_read_u32:	JLink:	JLINK_ExecCommand("InvalidateCache", ...). 
. . . . nRF52_read_u32:	JLink:	  returns 0x00
. . . . nRF52_read_u32:	JLink:	 (0001ms, 0221ms total)  
. . . . nRF52_read_u32:	JLink:	T8F59B380 000:224 
. . . . nRF52_read_u32:	JLink:	JLINK_ReadMemU32(0x10000134, 0x0001 Items, ...)
. . . . nRF52_read_u32:	JLink:	 -- CPU_ReadMem(4 bytes @ 0x10000134)
. . . . nRF52_read_u32:	JLink:	 - Data: 06 00 00 00
. . . . nRF52_read_u32:	JLink:	  returns 0x01
. . . . nRF52_read_u32:	JLink:	 (0002ms, 0223ms total)  
. . . . nRF52_decode_device_version
. . . . . nRF52_read_u32
. . . . . nRF52_read_u32:	JLink:	T8F59B380 000:226 
. . . . . nRF52_read_u32:	JLink:	JLINK_ExecCommand("InvalidateCache", ...). 
. . . . . nRF52_read_u32:	JLink:	  returns 0x00
. . . . . nRF52_read_u32:	JLink:	 (0000ms, 0224ms total)  
. . . . . nRF52_read_u32:	JLink:	T8F59B380 000:227 
. . . . . nRF52_read_u32:	JLink:	JLINK_ReadMemU32(0x10000110, 0x0001 Items, ...)
. . . . . nRF52_read_u32:	JLink:	 -- CPU_ReadMem(4 bytes @ 0x10000110)
. . . . . nRF52_read_u32:	JLink:	 - Data: 00 02 00 00
. . . . . nRF52_read_u32:	JLink:	  returns 0x01
. . . . . nRF52_read_u32:	JLink:	 (0002ms, 0226ms total)  
. . nRF52_connect_to_device:	Device version is 19.

. . nRF52_halt
. . nRF52_halt:	JLink:	T8F59B380 000:230 
. . nRF52_halt:	JLink:	JLINK_Halt()
. . nRF52_halt:	JLink:	  returns 0x00
. . nRF52_halt:	JLink:	 (0007ms, 0233ms total)  
. . nRF52_erase_uicr
. . . nRF52_nvmc_config_control
. . . . nRF52_write_u32
. . . . nRF52_write_u32:	JLink:	T8F59B380 000:238 
. . . . nRF52_write_u32:	JLink:	JLINK_WriteU32(0x4001E504, 0x00000002)
. . . . nRF52_write_u32:	JLink:	 -- CPU_WriteMem(4 bytes @ 0x4001E504)
. . . . nRF52_write_u32:	JLink:	  returns 0x00
. . . . nRF52_write_u32:	JLink:	 (0002ms, 0235ms total)  
. . . nRF52_nvmc_wait_for_ready
. . . . nRF52_read_u32
. . . . nRF52_read_u32:	JLink:	T8F59B380 000:241 
. . . . nRF52_read_u32:	JLink:	JLINK_ExecCommand("InvalidateCache", ...). 
. . . . nRF52_read_u32:	JLink:	  returns 0x00
. . . . nRF52_read_u32:	JLink:	 (0000ms, 0235ms total)  
. . . . nRF52_read_u32:	JLink:	T8F59B380 000:242 
. . . . nRF52_read_u32:	JLink:	JLINK_ReadMemU32(0x4001E400, 0x0001 Items, ...)
. . . . nRF52_read_u32:	JLink:	 -- CPU_ReadMem(4 bytes @ 0x4001E400)
. . . . nRF52_read_u32:	JLink:	 - Data: 01 00 00 00
. . . . nRF52_read_u32:	JLink:	  returns 0x01
. . . . nRF52_read_u32:	JLink:	 (0001ms, 0237ms total)  
. . . nRF52_write_u32
. . . nRF52_write_u32:	JLink:	T8F59B380 000:244 
. . . nRF52_write_u32:	JLink:	JLINK_WriteU32(0x4001E514, 0x00000001)
. . . nRF52_write_u32:	JLink:	 -- CPU_WriteMem(4 bytes @ 0x4001E514)
. . . nRF52_write_u32:	JLink:	  returns 0x00
. . . nRF52_write_u32:	JLink:	 (0001ms, 0239ms total)  
. . . nRF52_nvmc_wait_for_ready
. . . . nRF52_read_u32
. . . . nRF52_read_u32:	JLink:	T8F59B380 000:246 
. . . . nRF52_read_u32:	JLink:	JLINK_ExecCommand("InvalidateCache", ...). 
. . . . nRF52_read_u32:	JLink:	  returns 0x00
. . . . nRF52_read_u32:	JLink:	 (0000ms, 0241ms total)  
. . . . nRF52_read_u32:	JLink:	T8F59B380 000:247 
. . . . nRF52_read_u32:	JLink:	JLINK_ReadMemU32(0x4001E400, 0x0001 Items, ...)
. . . . nRF52_read_u32:	JLink:	 -- CPU_ReadMem(4 bytes @ 0x4001E400)
. . . . nRF52_read_u32:	JLink:	 - Data: 01 00 00 00
. . . . nRF52_read_u32:	JLink:	  returns 0x01
. . . . nRF52_read_u32:	JLink:	 (0002ms, 0243ms total)  
. . . nRF52_nvmc_config_control
. . . . nRF52_write_u32
. . . . nRF52_write_u32:	JLink:	T8F59B380 000:250 
. . . . nRF52_write_u32:	JLink:	JLINK_WriteU32(0x4001E504, 0x00000000)
. . . . nRF52_write_u32:	JLink:	 -- CPU_WriteMem(4 bytes @ 0x4001E504)
. . . . nRF52_write_u32:	JLink:	  returns 0x00
. . . . nRF52_write_u32:	JLink:	 (0001ms, 0244ms total)  
. . . nRF52_nvmc_wait_for_ready
. . . . nRF52_read_u32
. . . . nRF52_read_u32:	JLink:	T8F59B380 000:252 
. . . . nRF52_read_u32:	JLink:	JLINK_ExecCommand("InvalidateCache", ...). 
. . . . nRF52_read_u32:	JLink:	  returns 0x00
. . . . nRF52_read_u32:	JLink:	 (0000ms, 0244ms total)  
. . . . nRF52_read_u32:	JLink:	T8F59B380 000:253 
. . . . nRF52_read_u32:	JLink:	JLINK_ReadMemU32(0x4001E400, 0x0001 Items, ...)
. . . . nRF52_read_u32:	JLink:	 -- CPU_ReadMem(4 bytes @ 0x4001E400)
. . . . nRF52_read_u32:	JLink:	 - Data: 01 00 00 00
. . . . nRF52_read_u32:	JLink:	  returns 0x01
. . . . nRF52_read_u32:	JLink:	 (0001ms, 0246ms total)  
. . nRF52_sys_reset
. . nRF52_sys_reset:	JLink:	T8F59B380 000:255 
. . nRF52_sys_reset:	JLink:	JLINK_SetResetType(JLINKARM_CM3_RESET_TYPE_CORE_AND_PERIPHERALS)
. . nRF52_sys_reset:	JLink:	  returns JLINKARM_CM3_RESET_TYPE_NORMAL
. . nRF52_sys_reset:	JLink:	 (0001ms, 0248ms total)  
. . nRF52_sys_reset:	JLink:	T8F59B380 000:256 
. . nRF52_sys_reset:	JLink:	JLINK_Reset()
. . nRF52_sys_reset:	JLink:	 -- CPU_WriteMem(4 bytes @ 0xE000EDF0)
. . nRF52_sys_reset:	JLink:	 -- CPU_WriteMem(4 bytes @ 0xE000EDFC)
. . nRF52_sys_reset:	JLink:	Reset: Halt core after reset via DEMCR.VC_CORERESET.
. . nRF52_sys_reset:	JLink:	Reset: Halt core after reset via DEMCR.VC_CORERESET.
. . nRF52_sys_reset:	JLink:	 >0x35 TIF>
. . nRF52_sys_reset:	JLink:	Reset: Reset device via AIRCR.SYSRESETREQ.
. . nRF52_sys_reset:	JLink:	Reset: Reset device via AIRCR.SYSRESETREQ.
. . nRF52_sys_reset:	JLink:	 -- CPU_WriteMem(4 bytes @ 0xE000ED0C)
. . nRF52_sys_reset:	JLink:	 >0x0D TIF>
. . nRF52_sys_reset:	JLink:	 >0x28 TIF>
. . nRF52_sys_reset:	JLink:	 -- CPU_ReadMem(4 bytes @ 0xE000EDF0)
. . nRF52_sys_reset:	JLink:	 -- CPU_ReadMem(4 bytes @ 0xE000EDF0)
. . nRF52_sys_reset:	JLink:	 -- CPU_WriteMem(4 bytes @ 0xE000EDF0)
. . nRF52_sys_reset:	JLink:	 -- CPU_WriteMem(4 bytes @ 0xE000EDFC)
. . nRF52_sys_reset:	JLink:	 -- CPU_ReadMem(4 bytes @ 0xE000EDF0)
. . nRF52_sys_reset:	JLink:	 -- CPU_WriteMem(4 bytes @ 0xE0002000)
. . nRF52_sys_reset:	JLink:	 -- CPU_ReadMem(4 bytes @ 0xE000EDFC)
. . nRF52_sys_reset:	JLink:	 -- CPU_ReadMem(4 bytes @ 0xE0001000)
. . nRF52_sys_reset:	JLink:	 (0079ms, 0327ms total)  
. . nRF52_erase_all
. . . nRF52_nvmc_config_control
. . . . nRF52_write_u32
. . . . nRF52_write_u32:	JLink:	T8F59B380 000:336 
. . . . nRF52_write_u32:	JLink:	JLINK_WriteU32(0x4001E504, 0x00000002)
. . . . nRF52_write_u32:	JLink:	 -- CPU_WriteMem(4 bytes @ 0x4001E504)
. . . . nRF52_write_u32:	JLink:	  returns 0x00
. . . . nRF52_write_u32:	JLink:	 (0001ms, 0328ms total)  
. . . nRF52_nvmc_wait_for_ready
. . . . nRF52_read_u32
. . . . nRF52_read_u32:	JLink:	T8F59B380 000:338 
. . . . nRF52_read_u32:	JLink:	JLINK_ExecCommand("InvalidateCache", ...). 
. . . . nRF52_read_u32:	JLink:	  returns 0x00
. . . . nRF52_read_u32:	JLink:	 (0000ms, 0330ms total)  
. . . . nRF52_read_u32:	JLink:	T8F59B380 000:339 
. . . . nRF52_read_u32:	JLink:	JLINK_ReadMemU32(0x4001E400, 0x0001 Items, ...)
. . . . nRF52_read_u32:	JLink:	 -- CPU_ReadMem(4 bytes @ 0x4001E400)
. . . . nRF52_read_u32:	JLink:	 - Data: 01 00 00 00
. . . . nRF52_read_u32:	JLink:	  returns 0x01
. . . . nRF52_read_u32:	JLink:	 (0002ms, 0332ms total)  
. . . nRF52_write_u32
. . . nRF52_write_u32:	JLink:	T8F59B380 000:342 
. . . nRF52_write_u32:	JLink:	JLINK_WriteU32(0x4001E50C, 0x00000001)
. . . nRF52_write_u32:	JLink:	 -- CPU_WriteMem(4 bytes @ 0x4001E50C)
. . . nRF52_write_u32:	JLink:	  returns 0x00
. . . nRF52_write_u32:	JLink:	 (0001ms, 0334ms total)  
. . . nRF52_nvmc_wait_for_ready
. . . . nRF52_read_u32
. . . . nRF52_read_u32:	JLink:	T8F59B380 000:344 
. . . . nRF52_read_u32:	JLink:	JLINK_ExecCommand("InvalidateCache", ...). 
. . . . nRF52_read_u32:	JLink:	  returns 0x00
. . . . nRF52_read_u32:	JLink:	 (0000ms, 0336ms total)  
. . . . nRF52_read_u32:	JLink:	T8F59B380 000:345 
. . . . nRF52_read_u32:	JLink:	JLINK_ReadMemU32(0x4001E400, 0x0001 Items, ...)
. . . . nRF52_read_u32:	JLink:	 -- CPU_ReadMem(4 bytes @ 0x4001E400)
. . . . nRF52_read_u32:	JLink:	 - Data: 00 00 00 00
. . . . nRF52_read_u32:	JLink:	  returns 0x01
. . . . nRF52_read_u32:	JLink:	 (0002ms, 0338ms total)  
. . . . nRF52_read_u32
. . . . nRF52_read_u32:	JLink:	T8F59B380 000:347 
. . . . nRF52_read_u32:	JLink:	JLINK_ExecCommand("InvalidateCache", ...). 
. . . . nRF52_read_u32:	JLink:	  returns 0x00
. . . . nRF52_read_u32:	JLink:	 (0000ms, 0339ms total)  
. . . . nRF52_read_u32:	JLink:	T8F59B380 000:348 
. . . . nRF52_read_u32:	JLink:	JLINK_ReadMemU32(0x4001E400, 0x0001 Items, ...)
. . . . nRF52_read_u32:	JLink:	 -- CPU_ReadMem(4 bytes @ 0x4001E400)
. . . . nRF52_read_u32:	JLink:	 - Data: 00 00 00 00
. . . . nRF52_read_u32:	JLink:	  returns 0x01
. . . . nRF52_read_u32:	JLink:	 (0002ms, 0341ms total)  
. . . . nRF52_read_u32
. . . . nRF52_read_u32:	JLink:	T8F59B380 000:350 
. . . . nRF52_read_u32:	JLink:	JLINK_ExecCommand("InvalidateCache", ...). 
. . . . nRF52_read_u32:	JLink:	  returns 0x00
. . . . nRF52_read_u32:	JLink:	 (0000ms, 0342ms total)  
. . . . nRF52_read_u32:	JLink:	T8F59B380 000:351 
. . . . nRF52_read_u32:	JLink:	JLINK_ReadMemU32(0x4001E400, 0x0001 Items, ...)
. . . . nRF52_read_u32:	JLink:	 -- CPU_ReadMem(4 bytes @ 0x4001E400)
. . . . nRF52_read_u32:	JLink:	 - Data: 01 00 00 00
. . . . nRF52_read_u32:	JLink:	  returns 0x01
. . . . nRF52_read_u32:	JLink:	 (0002ms, 0344ms total)  
. . . nRF52_nvmc_config_control
. . . . nRF52_write_u32
. . . . nRF52_write_u32:	JLink:	T8F59B380 000:354 
. . . . nRF52_write_u32:	JLink:	JLINK_WriteU32(0x4001E504, 0x00000000)
. . . . nRF52_write_u32:	JLink:	 -- CPU_WriteMem(4 bytes @ 0x4001E504)
. . . . nRF52_write_u32:	JLink:	  returns 0x00
. . . . nRF52_write_u32:	JLink:	 (0002ms, 0346ms total)  
. . . nRF52_nvmc_wait_for_ready
. . . . nRF52_read_u32
. . . . nRF52_read_u32:	JLink:	T8F59B380 000:357 
. . . . nRF52_read_u32:	JLink:	JLINK_ExecCommand("InvalidateCache", ...). 
. . . . nRF52_read_u32:	JLink:	  returns 0x00
. . . . nRF52_read_u32:	JLink:	 (0001ms, 0347ms total)  
. . . . nRF52_read_u32:	JLink:	T8F59B380 000:358 
. . . . nRF52_read_u32:	JLink:	JLINK_ReadMemU32(0x4001E400, 0x0001 Items, ...)
. . . . nRF52_read_u32:	JLink:	 -- CPU_ReadMem(4 bytes @ 0x4001E400)
. . . . nRF52_read_u32:	JLink:	 - Data: 01 00 00 00
. . . . nRF52_read_u32:	JLink:	  returns 0x01
. . . . nRF52_read_u32:	JLink:	 (0002ms, 0349ms total)  
. . nRF52_sys_reset
. . nRF52_sys_reset:	JLink:	T8F59B380 000:360 
. . nRF52_sys_reset:	JLink:	JLINK_SetResetType(JLINKARM_CM3_RESET_TYPE_CORE_AND_PERIPHERALS)
. . nRF52_sys_reset:	JLink:	  returns JLINKARM_CM3_RESET_TYPE_CORE_AND_PERIPHERALS
. . nRF52_sys_reset:	JLink:	 (0001ms, 0350ms total)  
. . nRF52_sys_reset:	JLink:	T8F59B380 000:361 
. . nRF52_sys_reset:	JLink:	JLINK_Reset()
. . nRF52_sys_reset:	JLink:	 -- CPU_WriteMem(4 bytes @ 0xE000EDF0)
. . nRF52_sys_reset:	JLink:	 -- CPU_WriteMem(4 bytes @ 0xE000EDFC)
. . nRF52_sys_reset:	JLink:	Reset: Halt core after reset via DEMCR.VC_CORERESET.
. . nRF52_sys_reset:	JLink:	Reset: Halt core after reset via DEMCR.VC_CORERESET.
. . nRF52_sys_reset:	JLink:	 >0x35 TIF>
. . nRF52_sys_reset:	JLink:	Reset: Reset device via AIRCR.SYSRESETREQ.
. . nRF52_sys_reset:	JLink:	Reset: Reset device via AIRCR.SYSRESETREQ.
. . nRF52_sys_reset:	JLink:	 -- CPU_WriteMem(4 bytes @ 0xE000ED0C)
. . nRF52_sys_reset:	JLink:	 >0x0D TIF>
. . nRF52_sys_reset:	JLink:	 >0x28 TIF>
. . nRF52_sys_reset:	JLink:	 -- CPU_ReadMem(4 bytes @ 0xE000EDF0)
. . nRF52_sys_reset:	JLink:	 -- CPU_ReadMem(4 bytes @ 0xE000EDF0)
. . nRF52_sys_reset:	JLink:	 -- CPU_WriteMem(4 bytes @ 0xE000EDF0)
. . nRF52_sys_reset:	JLink:	 -- CPU_WriteMem(4 bytes @ 0xE000EDFC)
. . nRF52_sys_reset:	JLink:	 -- CPU_ReadMem(4 bytes @ 0xE000EDF0)
. . nRF52_sys_reset:	JLink:	 -- CPU_WriteMem(4 bytes @ 0xE0002000)
. . nRF52_sys_reset:	JLink:	 -- CPU_ReadMem(4 bytes @ 0xE000EDFC)
. . nRF52_sys_reset:	JLink:	 -- CPU_ReadMem(4 bytes @ 0xE0001000)
. . nRF52_sys_reset:	JLink:	 (0081ms, 0431ms total)  
. . nRF52_power_ram_all
. . . nRF52_write_u32
. . . nRF52_write_u32:	JLink:	T8F59B380 000:443 
. . . nRF52_write_u32:	JLink:	JLINK_WriteU32(0x40000904, 0x0000FFFF)
. . . nRF52_write_u32:	JLink:	 -- CPU_WriteMem(4 bytes @ 0x40000904)
. . . nRF52_write_u32:	JLink:	  returns 0x00
. . . nRF52_write_u32:	JLink:	 (0002ms, 0433ms total)  
. . . nRF52_write_u32
. . . nRF52_write_u32:	JLink:	T8F59B380 000:445 
. . . nRF52_write_u32:	JLink:	JLINK_WriteU32(0x40000914, 0x0000FFFF)
. . . nRF52_write_u32:	JLink:	 -- CPU_WriteMem(4 bytes @ 0x40000914)
. . . nRF52_write_u32:	JLink:	  returns 0x00
. . . nRF52_write_u32:	JLink:	 (0002ms, 0435ms total)  
. . . nRF52_write_u32
. . . nRF52_write_u32:	JLink:	T8F59B380 000:448 
. . . nRF52_write_u32:	JLink:	JLINK_WriteU32(0x40000924, 0x0000FFFF)
. . . nRF52_write_u32:	JLink:	 -- CPU_WriteMem(4 bytes @ 0x40000924)
. . . nRF52_write_u32:	JLink:	  returns 0x00
. . . nRF52_write_u32:	JLink:	 (0001ms, 0436ms total)  
. . . nRF52_write_u32
. . . nRF52_write_u32:	JLink:	T8F59B380 000:450 
. . . nRF52_write_u32:	JLink:	JLINK_WriteU32(0x40000934, 0x0000FFFF)
. . . nRF52_write_u32:	JLink:	 -- CPU_WriteMem(4 bytes @ 0x40000934)
. . . nRF52_write_u32:	JLink:	  returns 0x00
. . . nRF52_write_u32:	JLink:	 (0002ms, 0439ms total)  
. . . nRF52_write_u32
. . . nRF52_write_u32:	JLink:	T8F59B380 000:452 
. . . nRF52_write_u32:	JLink:	JLINK_WriteU32(0x40000944, 0x0000FFFF)
. . . nRF52_write_u32:	JLink:	 -- CPU_WriteMem(4 bytes @ 0x40000944)
. . . nRF52_write_u32:	JLink:	  returns 0x00
. . . nRF52_write_u32:	JLink:	 (0002ms, 0441ms total)  
. . . nRF52_write_u32
. . . nRF52_write_u32:	JLink:	T8F59B380 000:454 
. . . nRF52_write_u32:	JLink:	JLINK_WriteU32(0x40000954, 0x0000FFFF)
. . . nRF52_write_u32:	JLink:	 -- CPU_WriteMem(4 bytes @ 0x40000954)
. . . nRF52_write_u32:	JLink:	  returns 0x00
. . . nRF52_write_u32:	JLink:	 (0002ms, 0443ms total)  
. . . nRF52_write_u32
. . . nRF52_write_u32:	JLink:	T8F59B380 000:456 
. . . nRF52_write_u32:	JLink:	JLINK_WriteU32(0x40000964, 0x0000FFFF)
. . . nRF52_write_u32:	JLink:	 -- CPU_WriteMem(4 bytes @ 0x40000964)
. . . nRF52_write_u32:	JLink:	  returns 0x00
. . . nRF52_write_u32:	JLink:	 (0002ms, 0445ms total)  
. . . nRF52_write_u32
. . . nRF52_write_u32:	JLink:	T8F59B380 000:458 
. . . nRF52_write_u32:	JLink:	JLINK_WriteU32(0x40000974, 0x0000FFFF)
. . . nRF52_write_u32:	JLink:	 -- CPU_WriteMem(4 bytes @ 0x40000974)
. . . nRF52_write_u32:	JLink:	  returns 0x00
. . . nRF52_write_u32:	JLink:	 (0002ms, 0447ms total)  
. . . nRF52_write_u32
. . . nRF52_write_u32:	JLink:	T8F59B380 000:460 
. . . nRF52_write_u32:	JLink:	JLINK_WriteU32(0x40000984, 0x0000FFFF)
. . . nRF52_write_u32:	JLink:	 -- CPU_WriteMem(4 bytes @ 0x40000984)
. . . nRF52_write_u32:	JLink:	  returns 0x00
. . . nRF52_write_u32:	JLink:	 (0002ms, 0449ms total)  
. . nRF52_clear_resetreas
. . . nRF52_write_u32
. . . nRF52_write_u32:	JLink:	T8F59B380 000:463 
. . . nRF52_write_u32:	JLink:	JLINK_WriteU32(0x40000400, 0xFFFFFFFF)
. . . nRF52_write_u32:	JLink:	 -- CPU_WriteMem(4 bytes @ 0x40000400)
. . . nRF52_write_u32:	JLink:	  returns 0x00
. . . nRF52_write_u32:	JLink:	 (0001ms, 0450ms total)  
nRF_close_dll
. nRF52_close_dll
. . nRF52_is_connected_to_emu
. . nRF52_is_connected_to_emu:	JLink:	T8F59B380 000:465 
. . nRF52_is_connected_to_emu:	JLink:	JLINK_IsOpen()
. . nRF52_is_connected_to_emu:	JLink:	  returns 0x01
. . nRF52_is_connected_to_emu:	JLink:	 (0001ms, 0451ms total)  
. . nRF52_disconnect_from_emu
. . . nRF52_is_connected_to_device
. . . nRF52_is_connected_to_device:	JLink:	T8F59B380 000:466 
. . . nRF52_is_connected_to_device:	JLink:	JLINK_IsConnected()
. . . nRF52_is_connected_to_device:	JLink:	  returns TRUE
. . . nRF52_is_connected_to_device:	JLink:	 (0001ms, 0452ms total)  
. . . nRF52_write_u32
. . . nRF52_write_u32:	JLink:	T8F59B380 000:467 
. . . nRF52_write_u32:	JLink:	JLINK_WriteU32(0xE000EDFC, 0x00000000)
. . . nRF52_write_u32:	JLink:	 -- CPU_WriteMem(4 bytes @ 0xE000EDFC)
. . . nRF52_write_u32:	JLink:	  returns 0x00
. . . nRF52_write_u32:	JLink:	 (0002ms, 0454ms total)  
. . nRF52_disconnect_from_emu:	JLink:	T8F59B380 000:475 
. . nRF52_disconnect_from_emu:	JLink:	JLINK_Close()
